{"C:\\Users\\justi\\OneDrive\\Desktop\\Epicodus-Projects\\week5\\super-galactic-age-calculator\\src\\calculator.js": {"path":"C:\\Users\\justi\\OneDrive\\Desktop\\Epicodus-Projects\\week5\\super-galactic-age-calculator\\src\\calculator.js","statementMap":{"0":{"start":{"line":3,"column":4},"end":{"line":3,"column":27}},"1":{"start":{"line":7,"column":21},"end":{"line":7,"column":39}},"2":{"start":{"line":8,"column":4},"end":{"line":8,"column":56}},"3":{"start":{"line":9,"column":19},"end":{"line":9,"column":37}},"4":{"start":{"line":10,"column":4},"end":{"line":10,"column":52}},"5":{"start":{"line":11,"column":18},"end":{"line":11,"column":37}},"6":{"start":{"line":12,"column":4},"end":{"line":12,"column":50}},"7":{"start":{"line":13,"column":21},"end":{"line":13,"column":41}},"8":{"start":{"line":14,"column":4},"end":{"line":14,"column":56}},"9":{"start":{"line":15,"column":20},"end":{"line":15,"column":40}},"10":{"start":{"line":16,"column":4},"end":{"line":16,"column":54}},"11":{"start":{"line":17,"column":20},"end":{"line":17,"column":40}},"12":{"start":{"line":18,"column":4},"end":{"line":18,"column":54}},"13":{"start":{"line":19,"column":21},"end":{"line":19,"column":42}},"14":{"start":{"line":20,"column":4},"end":{"line":20,"column":56}},"15":{"start":{"line":25,"column":27},"end":{"line":25,"column":29}},"16":{"start":{"line":26,"column":4},"end":{"line":42,"column":5}},"17":{"start":{"line":27,"column":23},"end":{"line":27,"column":49}},"18":{"start":{"line":28,"column":6},"end":{"line":28,"column":70}},"19":{"start":{"line":29,"column":6},"end":{"line":29,"column":101}},"20":{"start":{"line":30,"column":6},"end":{"line":30,"column":99}},"21":{"start":{"line":31,"column":6},"end":{"line":31,"column":99}},"22":{"start":{"line":32,"column":6},"end":{"line":32,"column":103}},"23":{"start":{"line":33,"column":6},"end":{"line":33,"column":102}},"24":{"start":{"line":34,"column":6},"end":{"line":34,"column":102}},"25":{"start":{"line":35,"column":6},"end":{"line":35,"column":104}},"26":{"start":{"line":37,"column":6},"end":{"line":37,"column":30}},"27":{"start":{"line":41,"column":6},"end":{"line":41,"column":65}},"28":{"start":{"line":46,"column":25},"end":{"line":46,"column":27}},"29":{"start":{"line":47,"column":4},"end":{"line":61,"column":5}},"30":{"start":{"line":48,"column":23},"end":{"line":48,"column":47}},"31":{"start":{"line":49,"column":6},"end":{"line":49,"column":72}},"32":{"start":{"line":50,"column":6},"end":{"line":50,"column":104}},"33":{"start":{"line":51,"column":6},"end":{"line":51,"column":102}},"34":{"start":{"line":52,"column":6},"end":{"line":52,"column":102}},"35":{"start":{"line":53,"column":6},"end":{"line":53,"column":106}},"36":{"start":{"line":54,"column":6},"end":{"line":54,"column":105}},"37":{"start":{"line":55,"column":6},"end":{"line":55,"column":105}},"38":{"start":{"line":56,"column":6},"end":{"line":56,"column":107}},"39":{"start":{"line":57,"column":6},"end":{"line":57,"column":28}},"40":{"start":{"line":60,"column":6},"end":{"line":60,"column":67}}},"fnMap":{"0":{"name":"(anonymous_0)","decl":{"start":{"line":2,"column":2},"end":{"line":2,"column":3}},"loc":{"start":{"line":2,"column":23},"end":{"line":4,"column":3}},"line":2},"1":{"name":"(anonymous_1)","decl":{"start":{"line":6,"column":2},"end":{"line":6,"column":3}},"loc":{"start":{"line":6,"column":16},"end":{"line":22,"column":3}},"line":6},"2":{"name":"(anonymous_2)","decl":{"start":{"line":24,"column":2},"end":{"line":24,"column":3}},"loc":{"start":{"line":24,"column":27},"end":{"line":43,"column":3}},"line":24},"3":{"name":"(anonymous_3)","decl":{"start":{"line":45,"column":2},"end":{"line":45,"column":3}},"loc":{"start":{"line":45,"column":35},"end":{"line":62,"column":3}},"line":45}},"branchMap":{"0":{"loc":{"start":{"line":26,"column":4},"end":{"line":42,"column":5}},"type":"if","locations":[{"start":{"line":26,"column":4},"end":{"line":42,"column":5}},{"start":{"line":26,"column":4},"end":{"line":42,"column":5}}],"line":26},"1":{"loc":{"start":{"line":47,"column":4},"end":{"line":61,"column":5}},"type":"if","locations":[{"start":{"line":47,"column":4},"end":{"line":61,"column":5}},{"start":{"line":47,"column":4},"end":{"line":61,"column":5}}],"line":47}},"s":{"0":10,"1":5,"2":5,"3":5,"4":5,"5":5,"6":5,"7":5,"8":5,"9":5,"10":5,"11":5,"12":5,"13":5,"14":5,"15":2,"16":2,"17":1,"18":1,"19":1,"20":1,"21":1,"22":1,"23":1,"24":1,"25":1,"26":1,"27":1,"28":2,"29":2,"30":1,"31":1,"32":1,"33":1,"34":1,"35":1,"36":1,"37":1,"38":1,"39":1,"40":1},"f":{"0":10,"1":5,"2":2,"3":2},"b":{"0":[1,1],"1":[1,1]},"_coverageSchema":"43e27e138ebf9cfc5966b082cf9a028302ed4184","hash":"644cf4cf59f524341d8f3f4e377e54ed7a543c53"}
}
